<?xml version="1.0" encoding="UTF-8"?>
<!-- Generated by org.testng.reporters.JUnitReportReporter -->
<testsuite hostname="HAMILTON-QA1L" failures="0" tests="3" name="practice.eCartApp.HomePageTest" time="18.698" errors="0" timestamp="2022-08-21T13:39:09 IST" skipped="0">
  <testcase classname="practice.eCartApp.HomePageTest" name="homePageNavigation" time="7.305"/>
  <system-out/>
  <testcase classname="practice.eCartApp.HomePageTest" name="cartPromoPage" time="11.221"/>
  <system-out/>
  <testcase classname="practice.eCartApp.HomePageTest" name="checkoutPage" time="0.172"/>
  <system-out/>
</testsuite> <!-- practice.eCartApp.HomePageTest -->
