<?xml version="1.0" encoding="UTF-8"?>
<!-- Generated by org.testng.reporters.JUnitReportReporter -->
<testsuite hostname="HAMILTON-QA1L" failures="0" tests="1" name="practice.eCartApp.ValidateTest" time="3.874" errors="0" timestamp="2022-08-21T13:39:09 IST" skipped="0">
  <testcase classname="practice.eCartApp.ValidateTest" name="cartApp" time="3.874"/>
  <system-out/>
</testsuite> <!-- practice.eCartApp.ValidateTest -->
