<?xml version="1.0" encoding="UTF-8"?>
<!-- Generated by org.testng.reporters.JUnitReportReporter -->
<testsuite hostname="HAMILTON-QA1L" failures="0" tests="1" name="practice.eCartApp.ValidateTest" time="4.615" errors="0" timestamp="2022-08-20T21:00:45 IST" skipped="0">
  <testcase classname="practice.eCartApp.ValidateTest" name="cartApp" time="4.615"/>
  <system-out/>
</testsuite> <!-- practice.eCartApp.ValidateTest -->
