<?xml version="1.0" encoding="UTF-8"?>
<!-- Generated by org.testng.reporters.JUnitReportReporter -->
<testsuite hostname="HAMILTON-QA1L" failures="0" tests="3" name="practice.eCartApp.HomePageTest" time="19.851" errors="0" timestamp="2022-08-20T21:00:45 IST" skipped="0">
  <testcase classname="practice.eCartApp.HomePageTest" name="homePageNavigation" time="8.226"/>
  <system-out/>
  <testcase classname="practice.eCartApp.HomePageTest" name="cartPromoPage" time="11.324"/>
  <system-out/>
  <testcase classname="practice.eCartApp.HomePageTest" name="checkoutPage" time="0.301"/>
  <system-out/>
</testsuite> <!-- practice.eCartApp.HomePageTest -->
